<testsuites id="" name="" tests="5" failures="0" skipped="0" errors="0" time="28.755332000000003">
<testsuite name="add-to-cart.test.js" timestamp="2025-11-11T13:58:35.577Z" hostname="chromium" tests="1" failures="0" skipped="0" time="19.748" errors="0">
<testcase name="should add item to cart and navigate to cart page" classname="add-to-cart.test.js" time="19.748">
</testcase>
</testsuite>
<testsuite name="checkout.test.js" timestamp="2025-11-11T13:58:35.577Z" hostname="chromium" tests="2" failures="0" skipped="0" time="22.493" errors="0">
<testcase name="Checkout successfully" classname="checkout.test.js" time="20.063">
</testcase>
<testcase name="Negative Scnerio: Click on Cancel button on the checkout page" classname="checkout.test.js" time="2.43">
</testcase>
</testsuite>
<testsuite name="login.test.js" timestamp="2025-11-11T13:58:35.577Z" hostname="chromium" tests="2" failures="0" skipped="0" time="21.209" errors="0">
<testcase name="Login Test - Positive and Negative Scnerio › Login valid credentials" classname="login.test.js" time="19.488">
</testcase>
<testcase name="Login Test - Positive and Negative Scnerio › login fails invalid credentials" classname="login.test.js" time="1.721">
</testcase>
</testsuite>
</testsuites>